0 info it worked if it ends with ok
1 verbose cli [ '/home/jbarbosa/.nvm/versions/node/v5.10.1/bin/node',
1 verbose cli   '/home/jbarbosa/.nvm/versions/node/v5.10.1/bin/npm',
1 verbose cli   'start' ]
2 info using npm@3.8.3
3 info using node@v5.10.1
4 verbose run-script [ 'prestart', 'start', 'poststart' ]
5 info lifecycle be-the-hero-back-end@0.1.0~prestart: be-the-hero-back-end@0.1.0
6 silly lifecycle be-the-hero-back-end@0.1.0~prestart: no script for prestart, continuing
7 info lifecycle be-the-hero-back-end@0.1.0~start: be-the-hero-back-end@0.1.0
8 verbose lifecycle be-the-hero-back-end@0.1.0~start: unsafe-perm in lifecycle true
9 verbose lifecycle be-the-hero-back-end@0.1.0~start: PATH: /home/jbarbosa/.nvm/versions/node/v5.10.1/lib/node_modules/npm/bin/node-gyp-bin:/home/jbarbosa/Projects/semanaomnistack11/aulas/backend/node_modules/.bin:/home/jbarbosa/.nvm/versions/node/v5.10.1/bin:/home/jbarbosa/.nvm/versions/node/v5.10.1/bin:/home/jbarbosa/.yarn/bin:/home/jbarbosa/.zinit/polaris/bin:/home/jbarbosa/scripts:/home/jbarbosa/bin:/usr/local/bin:/usr/local/sbin:/usr/local/bin:/usr/sbin:/usr/bin:/sbin:/bin:/usr/games:/usr/local/games
10 verbose lifecycle be-the-hero-back-end@0.1.0~start: CWD: /home/jbarbosa/Projects/semanaomnistack11/aulas/backend
11 silly lifecycle be-the-hero-back-end@0.1.0~start: Args: [ '-c', 'nodemon src/index.js' ]
12 silly lifecycle be-the-hero-back-end@0.1.0~start: Returned: code: 1  signal: null
13 info lifecycle be-the-hero-back-end@0.1.0~start: Failed to exec start script
14 verbose stack Error: be-the-hero-back-end@0.1.0 start: `nodemon src/index.js`
14 verbose stack Exit status 1
14 verbose stack     at EventEmitter.<anonymous> (/home/jbarbosa/.nvm/versions/node/v5.10.1/lib/node_modules/npm/lib/utils/lifecycle.js:239:16)
14 verbose stack     at emitTwo (events.js:100:13)
14 verbose stack     at EventEmitter.emit (events.js:185:7)
14 verbose stack     at ChildProcess.<anonymous> (/home/jbarbosa/.nvm/versions/node/v5.10.1/lib/node_modules/npm/lib/utils/spawn.js:24:14)
14 verbose stack     at emitTwo (events.js:100:13)
14 verbose stack     at ChildProcess.emit (events.js:185:7)
14 verbose stack     at maybeClose (internal/child_process.js:850:16)
14 verbose stack     at Process.ChildProcess._handle.onexit (internal/child_process.js:215:5)
15 verbose pkgid be-the-hero-back-end@0.1.0
16 verbose cwd /home/jbarbosa/Projects/semanaomnistack11/aulas/backend
17 error Linux 5.0.0-32-generic
18 error argv "/home/jbarbosa/.nvm/versions/node/v5.10.1/bin/node" "/home/jbarbosa/.nvm/versions/node/v5.10.1/bin/npm" "start"
19 error node v5.10.1
20 error npm  v3.8.3
21 error code ELIFECYCLE
22 error be-the-hero-back-end@0.1.0 start: `nodemon src/index.js`
22 error Exit status 1
23 error Failed at the be-the-hero-back-end@0.1.0 start script 'nodemon src/index.js'.
23 error Make sure you have the latest version of node.js and npm installed.
23 error If you do, this is most likely a problem with the be-the-hero-back-end package,
23 error not with npm itself.
23 error Tell the author that this fails on your system:
23 error     nodemon src/index.js
23 error You can get information on how to open an issue for this project with:
23 error     npm bugs be-the-hero-back-end
23 error Or if that isn't available, you can get their info via:
23 error     npm owner ls be-the-hero-back-end
23 error There is likely additional logging output above.
24 verbose exit [ 1, true ]
